<?xml version="1.0" encoding="UTF-8"?>
<testsuite xmlns:xsi="http://www.w3.org/2001/XMLSchema-instance" xsi:noNamespaceSchemaLocation="https://maven.apache.org/surefire/maven-surefire-plugin/xsd/surefire-test-report.xsd" name="YemekSepeti Login Case" time="213.196" tests="7" errors="0" skipped="0" failures="1">
  <properties>
[...]
</properties>
  <testcase name="TC_YemekSepetiLogin_001_User should be successfully login, when enters correct username and password" classname="YemekSepeti Login Case" time="52.229"/>
  <testcase name="TC_YemekSepetiLogin_002_User should not be login, when enters invalid username or password #1" classname="YemekSepeti Login Case" time="26.369"/>
  <testcase name="TC_YemekSepetiLogin_002_User should not be login, when enters invalid username or password #2" classname="YemekSepeti Login Case" time="26.484"/>
  <testcase name="TC_YemekSepetiLogin_002_User should not be login, when enters invalid username or password #3" classname="YemekSepeti Login Case" time="27.618"/>
  <testcase name="TC_YemekSepetiLogin_002_User should not be login, when enters invalid username or password #4" classname="YemekSepeti Login Case" time="25.542">
    <failure type="java.lang.AssertionError">java.lang.AssertionError
</failure>
    <system-err><![CDATA[Starting ChromeDriver 92.0.4515.107 (87a818b10553a07434ea9e2b6dccf3cbe7895134-refs/branch-heads/4515@{#1634}) on port 23047
Only local connections are allowed.
Please see https://chromedriver.chromium.org/security-considerations for suggestions on keeping ChromeDriver safe.
ChromeDriver was started successfully.
Ağu 15, 2021 9:53:33 ÖS org.openqa.selenium.remote.ProtocolHandshake createSession
INFO: Detected dialect: W3C
]]></system-err>
  </testcase>
  <testcase name="TC_YemekSepetiLogin_004_User should not be login, when enters blank username or password #1" classname="YemekSepeti Login Case" time="27.229"/>
  <testcase name="TC_YemekSepetiLogin_004_User should not be login, when enters blank username or password #2" classname="YemekSepeti Login Case" time="27.722"/>
</testsuite>